{"/home/ty-flex/challenge/bin/createArmy.js": {"path":"/home/ty-flex/challenge/bin/createArmy.js","statementMap":{"0":{"start":{"line":1,"column":11},"end":{"line":27,"column":1}},"1":{"start":{"line":2,"column":14},"end":{"line":5,"column":5}},"2":{"start":{"line":6,"column":12},"end":{"line":6,"column":15}},"3":{"start":{"line":7,"column":20},"end":{"line":7,"column":22}},"4":{"start":{"line":8,"column":14},"end":{"line":8,"column":15}},"5":{"start":{"line":9,"column":4},"end":{"line":25,"column":5}},"6":{"start":{"line":9,"column":14},"end":{"line":9,"column":15}},"7":{"start":{"line":10,"column":8},"end":{"line":21,"column":5}},"8":{"start":{"line":11,"column":12},"end":{"line":14,"column":13}},"9":{"start":{"line":17,"column":5},"end":{"line":20,"column":6}},"10":{"start":{"line":22,"column":5},"end":{"line":22,"column":30}},"11":{"start":{"line":23,"column":5},"end":{"line":23,"column":34}},"12":{"start":{"line":24,"column":5},"end":{"line":24,"column":27}},"13":{"start":{"line":26,"column":4},"end":{"line":26,"column":22}},"14":{"start":{"line":29,"column":0},"end":{"line":29,"column":18}}},"fnMap":{"0":{"name":"(anonymous_0)","decl":{"start":{"line":1,"column":11},"end":{"line":1,"column":12}},"loc":{"start":{"line":1,"column":24},"end":{"line":27,"column":1}},"line":1}},"branchMap":{"0":{"loc":{"start":{"line":10,"column":8},"end":{"line":21,"column":5}},"type":"if","locations":[{"start":{"line":10,"column":8},"end":{"line":21,"column":5}},{"start":{"line":16,"column":12},"end":{"line":21,"column":5}}],"line":10}},"s":{"0":1,"1":1,"2":1,"3":1,"4":1,"5":1,"6":1,"7":2,"8":1,"9":1,"10":2,"11":2,"12":2,"13":1,"14":1},"f":{"0":1},"b":{"0":[1,1]},"_coverageSchema":"1a1c01bbd47fc00a2c39e90264f33305004495a9","hash":"6c31a2126e49f3380240d9f45bfd8ed05a1eabe8"}
}
